<persistence xmlns="http://java.sun.com/xml/ns/persistence"
	version="1.0">
	<persistence-unit name="jskillsDB"
		transaction-type="JTA">
		<provider>org.hibernate.ejb.HibernatePersistence</provider>
		<properties>
			<property name="javax.persistence.jdbc.driver" value="org.hsqldb.JdbcDriver" />
			<property name="javax.persistence.jdbc.url" value="jdbc:hsqldb:hsql://localhost/jskills" />
			<property name="javax.persistence.jdbc.user" value="SA" />
			<property name="javax.persistence.jdbc.password" value="" />
		</properties>
	</persistence-unit>
</persistence>